[2026-03-02 03:04:01] [INFO] ========================================
[2026-03-02 03:04:01] [INFO]   盘后数据更新（新浪 API 主用）
[2026-03-02 03:04:01] [INFO] ========================================
[2026-03-02 03:04:01] [INFO] 交易日期：20260227
[2026-03-02 03:04:01] [INFO] 读取股票池...
[2026-03-02 03:04:01] [INFO] 股票池：1383只
[2026-03-02 03:04:01] [INFO] 
市场分布:
[2026-03-02 03:04:01] [INFO]   sh_main: 792只
[2026-03-02 03:04:01] [INFO]   sz_main: 591只
[2026-03-02 03:04:01] [INFO] 
更新 sh_main (792只股票)...
[2026-03-02 03:04:01] [WARN] 该市场已有 20260227 数据，跳过
[2026-03-02 03:04:01] [INFO] 
更新 sz_main (591只股票)...
[2026-03-02 03:04:01] [WARN] 该市场已有 20260227 数据，跳过
[2026-03-02 03:04:01] [INFO] 
========================================
[2026-03-02 03:04:01] [INFO]   更新完成
[2026-03-02 03:04:01] [INFO] ========================================
[2026-03-02 03:04:01] [INFO] 总股票数：0
[2026-03-02 03:04:01] [INFO] 成功（新浪）：0
[2026-03-02 03:04:01] [INFO] 成功（东财）：0
[2026-03-02 03:04:01] [INFO] 失败：0
[2026-03-02 03:04:01] [INFO] 成功率：NaN%
[2026-03-02 03:04:01] [INFO] 耗时：0.20秒
[2026-03-02 03:04:01] [INFO] 统计报告已保存到：C:\Users\Bob\.openclaw\workspace\stock-data\logs\report-20260227.json
[2026-03-02 10:45:24] [INFO] ========================================
[2026-03-02 10:45:24] [INFO]   盘后数据更新（新浪 API 主用）
[2026-03-02 10:45:24] [INFO] ========================================
[2026-03-02 10:45:24] [INFO] 交易日期：20260302
[2026-03-02 10:45:24] [INFO] 读取股票池...
[2026-03-02 10:45:24] [INFO] 股票池：1383只
[2026-03-02 10:45:24] [INFO] 
市场分布:
[2026-03-02 10:45:24] [INFO]   sh_main: 792只
[2026-03-02 10:45:24] [INFO]   sz_main: 591只
[2026-03-02 10:45:24] [INFO] 
更新 sh_main (792只股票)...
[2026-03-02 10:45:32] [INFO] 进度：2.5% (20/792)
[2026-03-02 10:45:39] [INFO] 进度：5.1% (40/792)
[2026-03-02 10:45:46] [INFO] 进度：7.6% (60/792)
[2026-03-02 10:45:53] [INFO] 进度：10.1% (80/792)
[2026-03-02 10:46:00] [INFO] 进度：12.6% (100/792)
[2026-03-02 10:46:07] [INFO] 进度：15.2% (120/792)
[2026-03-02 10:46:14] [INFO] 进度：17.7% (140/792)
[2026-03-02 10:46:21] [INFO] 进度：20.2% (160/792)
[2026-03-02 10:46:28] [INFO] 进度：22.7% (180/792)
[2026-03-02 10:46:36] [INFO] 进度：25.3% (200/792)
[2026-03-02 10:46:43] [INFO] 进度：27.8% (220/792)
[2026-03-02 10:46:50] [INFO] 进度：30.3% (240/792)
[2026-03-02 10:46:57] [INFO] 进度：32.8% (260/792)
[2026-03-02 10:47:04] [INFO] 进度：35.4% (280/792)
[2026-03-02 10:47:11] [INFO] 进度：37.9% (300/792)
[2026-03-02 10:47:18] [INFO] 进度：40.4% (320/792)
[2026-03-02 10:47:25] [INFO] 进度：42.9% (340/792)
[2026-03-02 10:47:32] [INFO] 进度：45.5% (360/792)
[2026-03-02 10:47:39] [INFO] 进度：48.0% (380/792)
[2026-03-02 10:47:46] [INFO] 进度：50.5% (400/792)
[2026-03-02 10:47:53] [INFO] 进度：53.0% (420/792)
[2026-03-02 10:48:01] [INFO] 进度：55.6% (440/792)
[2026-03-02 10:48:08] [INFO] 进度：58.1% (460/792)
[2026-03-02 10:48:15] [INFO] 进度：60.6% (480/792)
[2026-03-02 10:48:22] [INFO] 进度：63.1% (500/792)
[2026-03-02 10:48:29] [INFO] 进度：65.7% (520/792)
[2026-03-02 10:48:36] [INFO] 进度：68.2% (540/792)
[2026-03-02 10:48:43] [INFO] 进度：70.7% (560/792)
[2026-03-02 10:48:50] [INFO] 进度：73.2% (580/792)
[2026-03-02 10:48:57] [INFO] 进度：75.8% (600/792)
[2026-03-02 10:49:04] [INFO] 进度：78.3% (620/792)
[2026-03-02 10:49:11] [INFO] 进度：80.8% (640/792)
[2026-03-02 10:49:18] [INFO] 进度：83.3% (660/792)
[2026-03-02 10:49:25] [INFO] 进度：85.9% (680/792)
[2026-03-02 10:49:33] [INFO] 进度：88.4% (700/792)
[2026-03-02 10:49:40] [INFO] 进度：90.9% (720/792)
[2026-03-02 10:49:47] [INFO] 进度：93.4% (740/792)
[2026-03-02 10:49:54] [INFO] 进度：96.0% (760/792)
[2026-03-02 10:50:01] [INFO] 进度：98.5% (780/792)
[2026-03-02 10:50:04] [INFO] 进度：100.0% (792/792)
[2026-03-02 10:50:04] [INFO] 追加 0 条数据到 sh_main.csv
[2026-03-02 10:50:04] [INFO] 
更新 sz_main (591只股票)...
[2026-03-02 10:50:12] [INFO] 进度：3.4% (20/591)
[2026-03-02 10:50:19] [INFO] 进度：6.8% (40/591)
[2026-03-02 10:50:26] [INFO] 进度：10.2% (60/591)
[2026-03-02 10:50:33] [INFO] 进度：13.5% (80/591)
[2026-03-02 10:50:40] [INFO] 进度：16.9% (100/591)
[2026-03-02 10:50:47] [INFO] 进度：20.3% (120/591)
[2026-03-02 10:50:54] [INFO] 进度：23.7% (140/591)
[2026-03-02 10:51:01] [INFO] 进度：27.1% (160/591)
[2026-03-02 10:51:08] [INFO] 进度：30.5% (180/591)
[2026-03-02 10:51:15] [INFO] 进度：33.8% (200/591)
[2026-03-02 10:51:22] [INFO] 进度：37.2% (220/591)
[2026-03-02 10:51:29] [INFO] 进度：40.6% (240/591)
[2026-03-02 10:51:36] [INFO] 进度：44.0% (260/591)
[2026-03-02 10:51:43] [INFO] 进度：47.4% (280/591)
[2026-03-02 10:51:51] [INFO] 进度：50.8% (300/591)
[2026-03-02 10:51:58] [INFO] 进度：54.1% (320/591)
[2026-03-02 10:52:05] [INFO] 进度：57.5% (340/591)
[2026-03-02 10:52:12] [INFO] 进度：60.9% (360/591)
[2026-03-02 10:52:19] [INFO] 进度：64.3% (380/591)
[2026-03-02 10:52:26] [INFO] 进度：67.7% (400/591)
[2026-03-02 10:52:33] [INFO] 进度：71.1% (420/591)
[2026-03-02 10:52:40] [INFO] 进度：74.5% (440/591)
[2026-03-02 10:52:47] [INFO] 进度：77.8% (460/591)
[2026-03-02 10:52:54] [INFO] 进度：81.2% (480/591)
[2026-03-02 10:53:01] [INFO] 进度：84.6% (500/591)
[2026-03-02 10:53:08] [INFO] 进度：88.0% (520/591)
[2026-03-02 10:53:15] [INFO] 进度：91.4% (540/591)
[2026-03-02 10:53:23] [INFO] 进度：94.8% (560/591)
[2026-03-02 10:53:30] [INFO] 进度：98.1% (580/591)
[2026-03-02 10:53:33] [INFO] 进度：100.0% (591/591)
[2026-03-02 10:53:33] [INFO] 追加 0 条数据到 sz_main.csv
[2026-03-02 10:53:33] [INFO] 
========================================
[2026-03-02 10:53:33] [INFO]   更新完成
[2026-03-02 10:53:33] [INFO] ========================================
[2026-03-02 10:53:33] [INFO] 总股票数：1383
[2026-03-02 10:53:33] [INFO] 成功（新浪）：1383
[2026-03-02 10:53:33] [INFO] 成功（东财）：0
[2026-03-02 10:53:33] [INFO] 失败：0
[2026-03-02 10:53:33] [INFO] 成功率：100.0%
[2026-03-02 10:53:33] [INFO] 耗时：488.71秒
[2026-03-02 10:53:33] [INFO] 统计报告已保存到：C:\Users\Bob\.openclaw\workspace\stock-data\logs\report-20260302.json
[2026-03-02 10:53:33] [INFO] 发送飞书通知...
[2026-03-02 11:40:19] [INFO] ========================================
[2026-03-02 11:40:19] [INFO]   盘后数据更新（新浪 API 主用）
[2026-03-02 11:40:19] [INFO] ========================================
[2026-03-02 11:40:19] [INFO] 交易日期：20260302
[2026-03-02 11:40:19] [INFO] 读取股票池...
[2026-03-02 11:40:19] [INFO] 股票池：1383只
[2026-03-02 11:40:19] [INFO] 
市场分布:
[2026-03-02 11:40:19] [INFO]   sh_main: 792只
[2026-03-02 11:40:19] [INFO]   sz_main: 591只
[2026-03-02 11:40:19] [INFO] 
更新 sh_main (792只股票)...
[2026-03-02 11:40:26] [INFO] 进度：2.5% (20/792)
[2026-03-02 11:40:33] [INFO] 进度：5.1% (40/792)
[2026-03-02 11:40:41] [INFO] 进度：7.6% (60/792)
[2026-03-02 11:40:48] [INFO] 进度：10.1% (80/792)
[2026-03-02 11:40:55] [INFO] 进度：12.6% (100/792)
[2026-03-02 11:41:02] [INFO] 进度：15.2% (120/792)
[2026-03-02 11:41:09] [INFO] 进度：17.7% (140/792)
[2026-03-02 11:41:16] [INFO] 进度：20.2% (160/792)
[2026-03-02 11:41:23] [INFO] 进度：22.7% (180/792)
[2026-03-02 11:41:30] [INFO] 进度：25.3% (200/792)
[2026-03-02 11:41:37] [INFO] 进度：27.8% (220/792)
[2026-03-02 11:41:44] [INFO] 进度：30.3% (240/792)
[2026-03-02 11:41:51] [INFO] 进度：32.8% (260/792)
[2026-03-02 11:41:59] [INFO] 进度：35.4% (280/792)
[2026-03-02 11:42:06] [INFO] 进度：37.9% (300/792)
[2026-03-02 11:42:13] [INFO] 进度：40.4% (320/792)
[2026-03-02 11:42:20] [INFO] 进度：42.9% (340/792)
[2026-03-02 11:42:27] [INFO] 进度：45.5% (360/792)
[2026-03-02 11:42:34] [INFO] 进度：48.0% (380/792)
[2026-03-02 11:42:41] [INFO] 进度：50.5% (400/792)
[2026-03-02 11:42:48] [INFO] 进度：53.0% (420/792)
[2026-03-02 11:42:55] [INFO] 进度：55.6% (440/792)
[2026-03-02 11:43:02] [INFO] 进度：58.1% (460/792)
[2026-03-02 11:43:09] [INFO] 进度：60.6% (480/792)
[2026-03-02 11:43:16] [INFO] 进度：63.1% (500/792)
[2026-03-02 11:43:24] [INFO] 进度：65.7% (520/792)
[2026-03-02 11:43:31] [INFO] 进度：68.2% (540/792)
[2026-03-02 11:43:38] [INFO] 进度：70.7% (560/792)
[2026-03-02 11:43:45] [INFO] 进度：73.2% (580/792)
[2026-03-02 11:43:52] [INFO] 进度：75.8% (600/792)
[2026-03-02 11:43:59] [INFO] 进度：78.3% (620/792)
[2026-03-02 11:44:06] [INFO] 进度：80.8% (640/792)
[2026-03-02 11:44:13] [INFO] 进度：83.3% (660/792)
[2026-03-02 11:44:20] [INFO] 进度：85.9% (680/792)
[2026-03-02 11:44:27] [INFO] 进度：88.4% (700/792)
[2026-03-02 11:44:34] [INFO] 进度：90.9% (720/792)
[2026-03-02 11:44:41] [INFO] 进度：93.4% (740/792)
[2026-03-02 11:44:48] [INFO] 进度：96.0% (760/792)
[2026-03-02 11:44:56] [INFO] 进度：98.5% (780/792)
[2026-03-02 11:44:59] [INFO] 进度：100.0% (792/792)
[2026-03-02 11:44:59] [INFO] 追加 0 条数据到 sh_main.csv
[2026-03-02 11:44:59] [INFO] 
更新 sz_main (591只股票)...
[2026-03-02 11:55:24] [INFO] ========================================
[2026-03-02 11:55:24] [INFO]   盘后数据更新（新浪 API 主用）
[2026-03-02 11:55:24] [INFO] ========================================
[2026-03-02 11:55:24] [INFO] 交易日期：20260302
[2026-03-02 11:55:24] [INFO] 读取股票池...
[2026-03-02 11:55:24] [INFO] 股票池：1383只
[2026-03-02 11:55:24] [INFO] 
市场分布:
[2026-03-02 11:55:24] [INFO]   sh_main: 792只
[2026-03-02 11:55:24] [INFO]   sz_main: 591只
[2026-03-02 11:55:24] [INFO] 
更新 sh_main (792只股票)...
[2026-03-02 11:55:32] [INFO] 进度：2.5% (20/792)
[2026-03-02 11:55:39] [INFO] 进度：5.1% (40/792)
[2026-03-02 11:55:46] [INFO] 进度：7.6% (60/792)
[2026-03-02 11:55:53] [INFO] 进度：10.1% (80/792)
[2026-03-02 11:56:00] [INFO] 进度：12.6% (100/792)
[2026-03-02 11:56:07] [INFO] 进度：15.2% (120/792)
[2026-03-02 11:56:14] [INFO] 进度：17.7% (140/792)
[2026-03-02 11:56:21] [INFO] 进度：20.2% (160/792)
[2026-03-02 11:56:28] [INFO] 进度：22.7% (180/792)
[2026-03-02 11:56:36] [INFO] 进度：25.3% (200/792)
[2026-03-02 11:56:43] [INFO] 进度：27.8% (220/792)
[2026-03-02 11:56:50] [INFO] 进度：30.3% (240/792)
[2026-03-02 11:56:57] [INFO] 进度：32.8% (260/792)
[2026-03-02 11:57:04] [INFO] 进度：35.4% (280/792)
[2026-03-02 11:57:11] [INFO] 进度：37.9% (300/792)
[2026-03-02 11:57:18] [INFO] 进度：40.4% (320/792)
[2026-03-02 11:57:25] [INFO] 进度：42.9% (340/792)
[2026-03-02 11:57:32] [INFO] 进度：45.5% (360/792)
[2026-03-02 11:57:39] [INFO] 进度：48.0% (380/792)
[2026-03-02 11:57:46] [INFO] 进度：50.5% (400/792)
[2026-03-02 11:57:54] [INFO] 进度：53.0% (420/792)
[2026-03-02 11:58:01] [INFO] 进度：55.6% (440/792)
[2026-03-02 11:58:08] [INFO] 进度：58.1% (460/792)
[2026-03-02 11:58:15] [INFO] 进度：60.6% (480/792)
[2026-03-02 11:58:22] [INFO] 进度：63.1% (500/792)
[2026-03-02 11:58:29] [INFO] 进度：65.7% (520/792)
[2026-03-02 11:58:36] [INFO] 进度：68.2% (540/792)
[2026-03-02 11:58:43] [INFO] 进度：70.7% (560/792)
[2026-03-02 11:58:50] [INFO] 进度：73.2% (580/792)
[2026-03-02 11:58:57] [INFO] 进度：75.8% (600/792)
[2026-03-02 11:59:04] [INFO] 进度：78.3% (620/792)
[2026-03-02 11:59:11] [INFO] 进度：80.8% (640/792)
[2026-03-02 11:59:19] [INFO] 进度：83.3% (660/792)
[2026-03-02 11:59:26] [INFO] 进度：85.9% (680/792)
[2026-03-02 11:59:33] [INFO] 进度：88.4% (700/792)
[2026-03-02 11:59:40] [INFO] 进度：90.9% (720/792)
[2026-03-02 11:59:47] [INFO] 进度：93.4% (740/792)
[2026-03-02 11:59:54] [INFO] 进度：96.0% (760/792)
[2026-03-02 12:00:01] [INFO] 进度：98.5% (780/792)
[2026-03-02 12:00:04] [INFO] 进度：100.0% (792/792)
[2026-03-02 12:00:05] [INFO] 追加 0 条数据到 sh_main.csv
[2026-03-02 12:00:05] [INFO] 
更新 sz_main (591只股票)...
[2026-03-02 12:03:42] [INFO] ========================================
[2026-03-02 12:03:42] [INFO]   盘后数据更新（新浪 API 主用）
[2026-03-02 12:03:42] [INFO] ========================================
[2026-03-02 12:03:42] [INFO] 交易日期：20260302
[2026-03-02 12:03:42] [INFO] 读取股票池...
[2026-03-02 12:03:42] [INFO] 股票池：1383只
[2026-03-02 12:03:42] [INFO] 
市场分布:
[2026-03-02 12:03:42] [INFO]   sh_main: 792只
[2026-03-02 12:03:42] [INFO]   sz_main: 591只
[2026-03-02 12:03:42] [INFO] 
更新 sh_main (792只股票)...
[2026-03-02 12:03:49] [INFO] 进度：2.5% (20/792)
[2026-03-02 12:03:56] [INFO] 进度：5.1% (40/792)
[2026-03-02 12:04:03] [INFO] 进度：7.6% (60/792)
[2026-03-02 12:04:10] [INFO] 进度：10.1% (80/792)
[2026-03-02 12:04:17] [INFO] 进度：12.6% (100/792)
[2026-03-02 12:04:25] [INFO] 进度：15.2% (120/792)
[2026-03-02 12:04:32] [INFO] 进度：17.7% (140/792)
[2026-03-02 12:04:39] [INFO] 进度：20.2% (160/792)
[2026-03-02 12:04:46] [INFO] 进度：22.7% (180/792)
[2026-03-02 12:04:53] [INFO] 进度：25.3% (200/792)
[2026-03-02 12:05:00] [INFO] 进度：27.8% (220/792)
[2026-03-02 12:05:07] [INFO] 进度：30.3% (240/792)
[2026-03-02 12:05:14] [INFO] 进度：32.8% (260/792)
[2026-03-02 12:05:21] [INFO] 进度：35.4% (280/792)
[2026-03-02 12:05:28] [INFO] 进度：37.9% (300/792)
[2026-03-02 12:05:36] [INFO] 进度：40.4% (320/792)
[2026-03-02 12:05:43] [INFO] 进度：42.9% (340/792)
[2026-03-02 12:05:50] [INFO] 进度：45.5% (360/792)
[2026-03-02 12:05:57] [INFO] 进度：48.0% (380/792)
[2026-03-02 12:06:04] [INFO] 进度：50.5% (400/792)
[2026-03-02 12:06:11] [INFO] 进度：53.0% (420/792)
[2026-03-02 12:06:18] [INFO] 进度：55.6% (440/792)
[2026-03-02 12:06:25] [INFO] 进度：58.1% (460/792)
[2026-03-02 12:06:32] [INFO] 进度：60.6% (480/792)
[2026-03-02 12:06:39] [INFO] 进度：63.1% (500/792)
[2026-03-02 12:06:46] [INFO] 进度：65.7% (520/792)
[2026-03-02 12:06:53] [INFO] 进度：68.2% (540/792)
[2026-03-02 12:07:01] [INFO] 进度：70.7% (560/792)
[2026-03-02 12:07:08] [INFO] 进度：73.2% (580/792)
[2026-03-02 12:07:15] [INFO] 进度：75.8% (600/792)
[2026-03-02 12:07:22] [INFO] 进度：78.3% (620/792)
[2026-03-02 12:07:29] [INFO] 进度：80.8% (640/792)
[2026-03-02 12:07:36] [INFO] 进度：83.3% (660/792)
[2026-03-02 12:07:43] [INFO] 进度：85.9% (680/792)
[2026-03-02 12:07:50] [INFO] 进度：88.4% (700/792)
[2026-03-02 12:07:57] [INFO] 进度：90.9% (720/792)
[2026-03-02 12:08:04] [INFO] 进度：93.4% (740/792)
[2026-03-02 12:08:11] [INFO] 进度：96.0% (760/792)
[2026-03-02 12:08:18] [INFO] 进度：98.5% (780/792)
[2026-03-02 12:08:22] [INFO] 进度：100.0% (792/792)
[2026-03-02 12:08:22] [INFO] 追加 0 条数据到 sh_main.csv
[2026-03-02 12:08:22] [INFO] 
更新 sz_main (591只股票)...
[2026-03-02 12:08:29] [INFO] 进度：3.4% (20/591)
[2026-03-02 12:08:36] [INFO] 进度：6.8% (40/591)
[2026-03-02 12:08:43] [INFO] 进度：10.2% (60/591)
[2026-03-02 12:08:50] [INFO] 进度：13.5% (80/591)
[2026-03-02 12:08:57] [INFO] 进度：16.9% (100/591)
[2026-03-02 12:09:04] [INFO] 进度：20.3% (120/591)
[2026-03-02 12:09:12] [INFO] 进度：23.7% (140/591)
[2026-03-02 12:09:19] [INFO] 进度：27.1% (160/591)
[2026-03-02 12:09:26] [INFO] 进度：30.5% (180/591)
[2026-03-02 12:09:33] [INFO] 进度：33.8% (200/591)
[2026-03-02 12:09:40] [INFO] 进度：37.2% (220/591)
[2026-03-02 12:09:47] [INFO] 进度：40.6% (240/591)
[2026-03-02 12:09:52] [INFO] ========================================
[2026-03-02 12:09:52] [INFO]   盘后数据更新（新浪 API 主用）
[2026-03-02 12:09:52] [INFO] ========================================
[2026-03-02 12:09:52] [INFO] 交易日期：20260302
[2026-03-02 12:09:52] [INFO] 读取股票池...
[2026-03-02 12:09:52] [INFO] 股票池：1383只
[2026-03-02 12:09:52] [INFO] 
市场分布:
[2026-03-02 12:09:52] [INFO]   sh_main: 792只
[2026-03-02 12:09:52] [INFO]   sz_main: 591只
[2026-03-02 12:09:52] [INFO] 
更新 sh_main (792只股票)...
[2026-03-02 12:09:54] [INFO] 进度：44.0% (260/591)
[2026-03-02 12:09:59] [INFO] 进度：2.5% (20/792)
[2026-03-02 12:10:01] [INFO] 进度：47.4% (280/591)
[2026-03-02 12:10:06] [INFO] 进度：5.1% (40/792)
[2026-03-02 12:10:08] [INFO] 进度：50.8% (300/591)
[2026-03-02 12:10:14] [INFO] 进度：7.6% (60/792)
[2026-03-02 12:10:15] [INFO] 进度：54.1% (320/591)
[2026-03-02 12:10:21] [INFO] 进度：10.1% (80/792)
[2026-03-02 12:10:22] [INFO] 进度：57.5% (340/591)
[2026-03-02 12:10:28] [INFO] 进度：12.6% (100/792)
[2026-03-02 12:10:29] [INFO] 进度：60.9% (360/591)
[2026-03-02 12:10:35] [INFO] 进度：15.2% (120/792)
[2026-03-02 12:10:37] [INFO] 进度：64.3% (380/591)
[2026-03-02 12:10:42] [INFO] 进度：17.7% (140/792)
[2026-03-02 12:10:44] [INFO] 进度：67.7% (400/591)
[2026-03-02 12:10:49] [INFO] 进度：20.2% (160/792)
[2026-03-02 12:10:51] [INFO] 进度：71.1% (420/591)
[2026-03-02 12:10:56] [INFO] 进度：22.7% (180/792)
[2026-03-02 12:10:58] [INFO] 进度：74.5% (440/591)
[2026-03-02 12:11:03] [INFO] 进度：25.3% (200/792)
[2026-03-02 12:11:05] [INFO] 进度：77.8% (460/591)
[2026-03-02 12:11:10] [INFO] 进度：27.8% (220/792)
[2026-03-02 12:11:12] [INFO] 进度：81.2% (480/591)
[2026-03-02 12:11:17] [INFO] 进度：30.3% (240/792)
[2026-03-02 12:11:19] [INFO] 进度：84.6% (500/591)
[2026-03-02 12:11:24] [INFO] 进度：32.8% (260/792)
[2026-03-02 12:11:26] [INFO] 进度：88.0% (520/591)
[2026-03-02 12:11:31] [INFO] 进度：35.4% (280/792)
[2026-03-02 12:11:33] [INFO] 进度：91.4% (540/591)
[2026-03-02 12:11:39] [INFO] 进度：37.9% (300/792)
[2026-03-02 12:11:40] [INFO] 进度：94.8% (560/591)
[2026-03-02 12:11:46] [INFO] 进度：40.4% (320/792)
[2026-03-02 12:11:48] [INFO] 进度：98.1% (580/591)
[2026-03-02 12:11:51] [INFO] 进度：100.0% (591/591)
[2026-03-02 12:11:51] [INFO] 追加 0 条数据到 sz_main.csv
[2026-03-02 12:11:51] [INFO] 
========================================
[2026-03-02 12:11:51] [INFO]   更新完成
[2026-03-02 12:11:51] [INFO] ========================================
[2026-03-02 12:11:51] [INFO] 总股票数：1383
[2026-03-02 12:11:51] [INFO] 成功（新浪）：1383
[2026-03-02 12:11:51] [INFO] 成功（东财）：0
[2026-03-02 12:11:51] [INFO] 失败：0
[2026-03-02 12:11:51] [INFO] 成功率：100.0%
[2026-03-02 12:11:51] [INFO] 耗时：489.47秒
[2026-03-02 12:11:51] [INFO] 统计报告已保存到：C:\Users\Bob\.openclaw\workspace\stock-data\logs\report-20260302.json
[2026-03-02 12:11:51] [INFO] 发送飞书通知...
[2026-03-02 12:11:53] [INFO] 进度：42.9% (340/792)
[2026-03-02 12:12:00] [INFO] 进度：45.5% (360/792)
[2026-03-02 12:12:07] [INFO] 进度：48.0% (380/792)
[2026-03-02 12:12:14] [INFO] 进度：50.5% (400/792)
[2026-03-02 12:12:21] [INFO] 进度：53.0% (420/792)
[2026-03-02 12:15:16] [INFO] ========================================
[2026-03-02 12:15:16] [INFO]   盘后数据更新（新浪 API 主用）
[2026-03-02 12:15:16] [INFO] ========================================
[2026-03-02 12:15:16] [INFO] 交易日期：20260302
[2026-03-02 12:15:16] [INFO] 读取股票池...
[2026-03-02 12:15:16] [INFO] 股票池：1383只
[2026-03-02 12:15:16] [INFO] 
市场分布:
[2026-03-02 12:15:16] [INFO]   sh_main: 792只
[2026-03-02 12:15:16] [INFO]   sz_main: 591只
[2026-03-02 12:15:16] [INFO] 
更新 sh_main (792只股票)...
[2026-03-02 12:15:34] [INFO] 进度：2.5% (20/792)
[2026-03-02 12:15:41] [INFO] 进度：5.1% (40/792)
[2026-03-02 12:15:49] [INFO] 进度：7.6% (60/792)
[2026-03-02 12:15:56] [INFO] 进度：10.1% (80/792)
[2026-03-02 12:16:03] [INFO] 进度：12.6% (100/792)
[2026-03-02 12:16:10] [INFO] 进度：15.2% (120/792)
[2026-03-02 12:16:19] [INFO] 进度：17.7% (140/792)
[2026-03-02 12:16:29] [INFO] 进度：20.2% (160/792)
[2026-03-02 12:17:09] [INFO] 进度：22.7% (180/792)
[2026-03-02 12:17:17] [INFO] 进度：25.3% (200/792)
[2026-03-02 12:17:24] [INFO] 进度：27.8% (220/792)
[2026-03-02 12:17:32] [INFO] 进度：30.3% (240/792)
[2026-03-02 12:17:39] [INFO] 进度：32.8% (260/792)
[2026-03-02 12:17:46] [INFO] 进度：35.4% (280/792)
[2026-03-02 12:17:54] [INFO] 进度：37.9% (300/792)
[2026-03-02 12:18:01] [INFO] 进度：40.4% (320/792)
[2026-03-02 12:18:09] [INFO] 进度：42.9% (340/792)
[2026-03-02 12:18:16] [INFO] 进度：45.5% (360/792)
[2026-03-02 12:18:24] [INFO] 进度：48.0% (380/792)
[2026-03-02 12:18:31] [INFO] 进度：50.5% (400/792)
[2026-03-02 12:18:39] [INFO] 进度：53.0% (420/792)
[2026-03-02 12:18:46] [INFO] 进度：55.6% (440/792)
[2026-03-02 12:18:54] [INFO] 进度：58.1% (460/792)
[2026-03-02 12:19:01] [INFO] 进度：60.6% (480/792)
[2026-03-02 12:19:09] [INFO] 进度：63.1% (500/792)
[2026-03-02 12:19:16] [INFO] 进度：65.7% (520/792)
[2026-03-02 12:19:23] [INFO] 进度：68.2% (540/792)
[2026-03-02 12:19:31] [INFO] 进度：70.7% (560/792)
[2026-03-02 12:19:38] [INFO] 进度：73.2% (580/792)
[2026-03-02 12:19:46] [INFO] 进度：75.8% (600/792)
[2026-03-02 12:19:54] [INFO] 进度：78.3% (620/792)
[2026-03-02 12:20:02] [INFO] 进度：80.8% (640/792)
[2026-03-02 12:20:09] [INFO] 进度：83.3% (660/792)
[2026-03-02 12:20:17] [INFO] 进度：85.9% (680/792)
[2026-03-02 12:20:24] [INFO] 进度：88.4% (700/792)
[2026-03-02 12:20:31] [INFO] 进度：90.9% (720/792)
[2026-03-02 12:20:39] [INFO] 进度：93.4% (740/792)
[2026-03-02 12:20:47] [INFO] 进度：96.0% (760/792)
[2026-03-02 12:20:54] [INFO] 进度：98.5% (780/792)
[2026-03-02 12:20:57] [INFO] 进度：100.0% (792/792)
[2026-03-02 12:20:58] [INFO] 追加 792 条数据到 sh_main.csv
[2026-03-02 12:20:58] [INFO] 
更新 sz_main (591只股票)...
[2026-03-02 12:21:06] [INFO] 进度：3.4% (20/591)
[2026-03-02 12:21:13] [INFO] 进度：6.8% (40/591)
[2026-03-02 12:21:21] [INFO] 进度：10.2% (60/591)
[2026-03-02 12:21:28] [INFO] 进度：13.5% (80/591)
[2026-03-02 12:21:36] [INFO] 进度：16.9% (100/591)
[2026-03-02 12:21:43] [INFO] 进度：20.3% (120/591)
[2026-03-02 12:21:51] [INFO] 进度：23.7% (140/591)
[2026-03-02 12:21:58] [INFO] 进度：27.1% (160/591)
[2026-03-02 12:22:06] [INFO] 进度：30.5% (180/591)
[2026-03-02 12:22:13] [INFO] 进度：33.8% (200/591)
[2026-03-02 12:22:21] [INFO] 进度：37.2% (220/591)
[2026-03-02 12:22:28] [INFO] 进度：40.6% (240/591)
[2026-03-02 12:22:35] [INFO] 进度：44.0% (260/591)
[2026-03-02 12:22:43] [INFO] 进度：47.4% (280/591)
[2026-03-02 12:22:50] [INFO] 进度：50.8% (300/591)
[2026-03-02 12:22:58] [INFO] 进度：54.1% (320/591)
[2026-03-02 12:23:06] [INFO] 进度：57.5% (340/591)
[2026-03-02 12:23:13] [INFO] 进度：60.9% (360/591)
[2026-03-02 12:23:21] [INFO] 进度：64.3% (380/591)
[2026-03-02 12:23:29] [INFO] 进度：67.7% (400/591)
[2026-03-02 12:23:36] [INFO] 进度：71.1% (420/591)
[2026-03-02 12:23:44] [INFO] 进度：74.5% (440/591)
[2026-03-02 12:23:51] [INFO] 进度：77.8% (460/591)
[2026-03-02 12:23:58] [INFO] 进度：81.2% (480/591)
[2026-03-02 12:24:06] [INFO] 进度：84.6% (500/591)
[2026-03-02 12:24:14] [INFO] 进度：88.0% (520/591)
[2026-03-02 12:24:21] [INFO] 进度：91.4% (540/591)
[2026-03-02 12:24:28] [INFO] 进度：94.8% (560/591)
[2026-03-02 12:24:36] [INFO] 进度：98.1% (580/591)
[2026-03-02 12:24:39] [INFO] 进度：100.0% (591/591)
[2026-03-02 12:24:40] [INFO] 追加 591 条数据到 sz_main.csv
[2026-03-02 12:24:40] [INFO] 
========================================
[2026-03-02 12:24:40] [INFO]   更新完成
[2026-03-02 12:24:40] [INFO] ========================================
[2026-03-02 12:24:40] [INFO] 总股票数：1383
[2026-03-02 12:24:40] [INFO] 成功（新浪）：1383
[2026-03-02 12:24:40] [INFO] 成功（东财）：0
[2026-03-02 12:24:40] [INFO] 失败：0
[2026-03-02 12:24:40] [INFO] 成功率：100.0%
[2026-03-02 12:24:40] [INFO] 耗时：563.88秒
[2026-03-02 12:24:40] [INFO] 统计报告已保存到：C:\Users\Bob\.openclaw\workspace\stock-data\logs\report-20260302.json
[2026-03-02 12:24:40] [INFO] 发送飞书通知...
